TN:
SF:/Users/Jenny/Sites/moviedatabase/src/polyfills.ts
FNF:0
FNH:0
LF:0
LH:0
BRF:0
BRH:0
end_of_record
TN:
SF:/Users/Jenny/Sites/moviedatabase/src/test.ts
FNF:0
FNH:0
DA:13,1
DA:18,1
DA:20,1
LF:3
LH:3
BRF:0
BRH:0
end_of_record
TN:
SF:/Users/Jenny/Sites/moviedatabase/src/app/app.component.ts
FN:8,(anonymous_0)
FNF:1
FNH:1
FNDA:2,(anonymous_0)
DA:8,1
DA:9,2
LF:2
LH:2
BRF:0
BRH:0
end_of_record
TN:
SF:/Users/Jenny/Sites/moviedatabase/src/app/config.ts
FNF:0
FNH:0
DA:1,1
LF:1
LH:1
BRF:0
BRH:0
end_of_record
TN:
SF:/Users/Jenny/Sites/moviedatabase/src/app/filter.pipe.ts
FN:7,(anonymous_0)
FN:14,(anonymous_1)
FNF:2
FNH:2
FNDA:19,(anonymous_0)
FNDA:10,(anonymous_1)
DA:6,1
DA:8,19
DA:9,1
DA:11,18
DA:12,12
DA:14,6
DA:15,10
LF:7
LH:7
BRDA:8,0,0,1
BRDA:8,0,1,18
BRDA:11,1,0,12
BRDA:11,1,1,6
BRF:4
BRH:4
end_of_record
TN:
SF:/Users/Jenny/Sites/moviedatabase/src/app/header/header.component.ts
FN:11,(anonymous_0)
FN:13,(anonymous_1)
FNF:2
FNH:2
FNDA:5,(anonymous_0)
FNDA:3,(anonymous_1)
DA:8,1
DA:9,5
LF:2
LH:2
BRF:0
BRH:0
end_of_record
TN:
SF:/Users/Jenny/Sites/moviedatabase/src/app/nowshowing/nowshowing.component.ts
FN:16,(anonymous_0)
FN:19,(anonymous_1)
FN:21,(anonymous_2)
FN:29,(anonymous_3)
FN:31,(anonymous_4)
FNF:5
FNH:5
FNDA:12,(anonymous_0)
FNDA:12,(anonymous_1)
FNDA:12,(anonymous_2)
FNDA:10,(anonymous_3)
FNDA:10,(anonymous_4)
DA:11,1
DA:16,12
DA:20,12
DA:22,12
DA:23,12
DA:24,10
DA:30,10
DA:32,10
LF:8
LH:8
BRDA:23,0,0,10
BRDA:23,0,1,2
BRDA:23,1,0,12
BRDA:23,1,1,12
BRF:4
BRH:4
end_of_record
TN:
SF:/Users/Jenny/Sites/moviedatabase/src/app/services/data.service.ts
FN:16,(anonymous_0)
FN:22,(anonymous_1)
FN:27,(anonymous_2)
FN:34,(anonymous_3)
FNF:4
FNH:4
FNDA:4,(anonymous_0)
FNDA:1,(anonymous_1)
FNDA:2,(anonymous_2)
FNDA:1,(anonymous_3)
DA:15,1
DA:17,4
DA:19,4
DA:20,4
DA:23,1
DA:24,1
DA:28,2
DA:35,1
LF:8
LH:8
BRF:0
BRH:0
end_of_record
TN:
SF:/Users/Jenny/Sites/moviedatabase/src/app/services/global-error-handler.service.ts
FN:9,(anonymous_0)
FN:10,(anonymous_1)
FN:13,(anonymous_2)
FNF:3
FNH:3
FNDA:2,(anonymous_0)
FNDA:2,(anonymous_1)
FNDA:1,(anonymous_2)
DA:7,1
DA:9,2
DA:10,2
DA:15,1
DA:17,1
LF:5
LH:5
BRF:0
BRH:0
end_of_record
TN:
SF:/Users/Jenny/Sites/moviedatabase/src/app/system-error/system-error.component.ts
FN:10,(anonymous_0)
FN:12,(anonymous_1)
FNF:2
FNH:2
FNDA:1,(anonymous_0)
FNDA:1,(anonymous_1)
DA:8,1
LF:1
LH:1
BRF:0
BRH:0
end_of_record
